<?xml version="1.0" encoding="utf-8"?><testsuites><testsuite name="pytest" errors="0" failures="0" skipped="0" tests="4" time="1.354" timestamp="2022-03-01T11:56:48.238125" hostname="Adams-MacBook-Pro.local"><testcase classname="mne_connectivity.tests.test_connectivity" name="test_metadata_handling[vector_auto_regression-epochs0]" time="0.865" /><testcase classname="mne_connectivity.tests.test_connectivity" name="test_metadata_handling[spectral_connectivity_epochs-epochs0]" time="0.051" /><testcase classname="mne_connectivity.tests.test_connectivity" name="test_metadata_handling[envelope_correlation-epochs0]" time="0.053" /><testcase classname="mne_connectivity.tests.test_connectivity" name="test_metadata_handling[phase_slope_index-epochs0]" time="0.047" /></testsuite></testsuites>